<?xml version="1.0" encoding="UTF-8"?>
<!-- Generated by org.testng.reporters.JUnitReportReporter -->
<testsuite hostname="DESKTOP-H5U1KPA" failures="0" tests="2" name="TestScripts.DashboardTest" time="34.677" errors="0" timestamp="2023-01-10T06:46:13 IST" skipped="0">
  <testcase classname="TestScripts.DashboardTest" name="loginTest" time="2.171"/>
  <system-out/>
  <testcase classname="TestScripts.DashboardTest" name="DashBoardTest" time="32.506"/>
  <system-out/>
</testsuite> <!-- TestScripts.DashboardTest -->
