<?xml version="1.0" encoding="UTF-8"?>
<!-- Generated by org.testng.reporters.JUnitReportReporter -->
<testsuite hostname="DESKTOP-H5U1KPA" failures="0" tests="2" name="TestScripts.Day2_DashboardTest" time="73.487" errors="0" timestamp="2023-01-11T06:50:13 IST" skipped="0">
  <testcase classname="TestScripts.Day2_DashboardTest" name="loginTest" time="4.099"/>
  <system-out/>
  <testcase classname="TestScripts.Day2_DashboardTest" name="DashBoardTest" time="69.388"/>
  <system-out/>
</testsuite> <!-- TestScripts.Day2_DashboardTest -->
